

--------------------------------------------------------------------------------------------------------------------------------


--------------------------------------------------------------------------------------------------------------------------------


SHORTENED
1. Referral Program : Bring best talent and get rewarded.
2. Rise & Shine Awards : Honoring remarkable achievements within our organization.
3. Open Door Policy : Every employee's concerns are heard and valued.
4. Monthly Events : Events fostering team spirit, creativity and fun.
5. 5 Days Working : Unlocking more moments for what truly counts.


--------------------------------------------------------------------------------------------------------------------------------

1. Referral Program : Bring the best talent from around and get rewared
2. Rise & Shine Awards :  Talent is distingusable and so we make them shine.
3. Open Door Policy : Transparency ensuring every employee's concerns are heard and valued.
4. Monthly Events : Exciting team events fostering Team Bonding with creativity and fun.
5. 5 Days Working : Redefine your work-life harmony while providing regular weekends as holidays

--------------------------------------------------------------------------------------------------------------------------------

# Please write short subtitle / description for below perks and benefits of corporate organization.
1. Referral Program : 
2. Rise & Shine Awards :
3. Open Door Policy :
4. Monthly Events :
5. 5 Days Working : 

1. Referral Program: "Earn Rewards for Bringing in Talent - Refer a friend and reap the benefits with our exciting Referral Program!"
2. Rise & Shine Awards: "Celebrating Excellence - Our Rise & Shine Awards recognize outstanding achievements and contributions within our organization."
3. Open Door Policy: "Your Voice Matters - Embrace transparency and communication with our Open Door Policy, ensuring that every employee's ideas and concerns are heard and valued."
4. Monthly Events: "Building a Vibrant Community - Join us for our exciting Monthly Events, fostering team spirit, creativity, and fun!"
5. 5 Days Working: "Work-Life Balance at its Best - Enjoy a healthy work-life balance with our 5 Days Working policy, giving you more time for what matters most."


--------------------------------------------------------------------------------------------------------------------------------